<?xml version="1.0" encoding="UTF-8"?>
<!-- Generated by org.testng.reporters.JUnitReportReporter -->
<testsuite hostname="Div" failures="0" tests="1" name="test_Cases.Sort_Items_Test" time="46.497" errors="0" timestamp="2023-08-30T19:41:47 IST" skipped="0">
  <testcase classname="test_Cases.Sort_Items_Test" name="sortList" time="46.497"/>
  <system-out/>
</testsuite> <!-- test_Cases.Sort_Items_Test -->
